<?xml version="1.0" encoding="UTF-8"?>
<!-- Generated by org.testng.reporters.JUnitXMLReporter -->
<testsuite ignored="2" hostname="Karthik" failures="0" tests="1" name="Default test" time="16.444" errors="0" timestamp="2026-06-14T14:34:20 IST">
  <testcase classname="karthikakkasaligar.TestCase.LoginValidations" name="Invalidpasswordlogin" time="2.682"/>
  <testcase classname="karthikakkasaligar.TestCase.LoginValidations" name="Invalidusernamelogin" time="0.0">
    <ignored/>
  </testcase> <!-- Invalidusernamelogin -->
  <testcase classname="karthikakkasaligar.TestCase.LoginValidations" name="Validlogin" time="0.0">
    <ignored/>
  </testcase> <!-- Validlogin -->
</testsuite> <!-- Default test -->
