<?xml version="1.0" encoding="UTF-8"?>
<testng-results ignored="2" total="3" passed="1" failed="0" skipped="0">
  <reporter-output>
  </reporter-output>
  <suite started-at="2026-06-14T14:34:03 IST" name="Default suite" finished-at="2026-06-14T14:34:20 IST" duration-ms="16444">
    <groups>
    </groups>
    <test started-at="2026-06-14T14:34:03 IST" name="Default test" finished-at="2026-06-14T14:34:20 IST" duration-ms="16444">
      <class name="karthikakkasaligar.TestCase.LoginValidations">
        <test-method is-config="true" signature="LaunchWebsite()[pri:0, instance:karthikakkasaligar.TestCase.LoginValidations@34e9fd99]" started-at="2026-06-14T14:34:03 IST" name="LaunchWebsite" finished-at="2026-06-14T14:34:17 IST" duration-ms="13491" status="PASS">
          <reporter-output>
          </reporter-output>
        </test-method> <!-- LaunchWebsite -->
        <test-method signature="Invalidpasswordlogin()[pri:0, instance:karthikakkasaligar.TestCase.LoginValidations@34e9fd99]" started-at="2026-06-14T14:34:17 IST" name="Invalidpasswordlogin" finished-at="2026-06-14T14:34:20 IST" duration-ms="2682" status="PASS">
          <reporter-output>
          </reporter-output>
        </test-method> <!-- Invalidpasswordlogin -->
        <test-method is-config="true" signature="Teardown()[pri:0, instance:karthikakkasaligar.TestCase.LoginValidations@34e9fd99]" started-at="2026-06-14T14:34:20 IST" name="Teardown" finished-at="2026-06-14T14:34:20 IST" duration-ms="219" status="PASS">
          <reporter-output>
          </reporter-output>
        </test-method> <!-- Teardown -->
      </class> <!-- karthikakkasaligar.TestCase.LoginValidations -->
    </test> <!-- Default test -->
  </suite> <!-- Default suite -->
</testng-results>
